<?xml version="1.0" encoding="UTF-8"?>
<!-- Generated by org.testng.reporters.JUnitReportReporter -->
<testsuite hostname="DESKTOP-6CROEQF" failures="0" tests="2" name="com.automation.selenium_automation.tests.e2eTestTestNG" time="27.208" errors="0" timestamp="2025-04-17T19:13:48 EDT" skipped="0">
  <testcase classname="com.automation.selenium_automation.tests.e2eTestTestNG" name="e2eTest" time="13.317"/>
  <testcase classname="com.automation.selenium_automation.tests.e2eTestTestNG" name="e2eTest" time="13.891"/>
</testsuite> <!-- com.automation.selenium_automation.tests.e2eTestTestNG -->
