<?xml version="1.0" encoding="UTF-8"?>
<!-- Generated by org.testng.reporters.JUnitReportReporter -->
<testsuite hostname="DESKTOP-6CROEQF" failures="0" tests="2" name="com.automation.selenium_automation.tests.E2eTestTestNG" time="33.670" errors="0" timestamp="2025-04-30T22:37:33 EDT" skipped="0">
  <testcase classname="com.automation.selenium_automation.tests.E2eTestTestNG" name="e2eTest" time="16.466"/>
  <testcase classname="com.automation.selenium_automation.tests.E2eTestTestNG" name="e2eTest" time="17.204"/>
</testsuite> <!-- com.automation.selenium_automation.tests.E2eTestTestNG -->
