<?xml version="1.0" encoding="UTF-8"?>
<!-- Generated by org.testng.reporters.JUnitReportReporter -->
<testsuite hostname="DESKTOP-6CROEQF" failures="0" tests="2" name="com.automation.selenium_automation.tests.E2eTestExcel" time="34.112" errors="0" timestamp="2025-04-30T23:44:05 EDT" skipped="0">
  <testcase classname="com.automation.selenium_automation.tests.E2eTestExcel" name="e2eTest" time="17.490"/>
  <testcase classname="com.automation.selenium_automation.tests.E2eTestExcel" name="e2eTest" time="16.622"/>
</testsuite> <!-- com.automation.selenium_automation.tests.E2eTestExcel -->
