<?xml version="1.0" encoding="UTF-8"?>
<!-- Generated by org.testng.reporters.JUnitReportReporter -->
<testsuite hostname="DESKTOP-6CROEQF" failures="0" tests="1" name="tests.e2eTestTestNG" time="8.840" errors="0" timestamp="2025-04-16T18:20:20 EDT" skipped="0">
  <testcase classname="tests.e2eTestTestNG" name="test" time="8.840"/>
</testsuite> <!-- tests.e2eTestTestNG -->
