<?xml version="1.0" encoding="UTF-8"?>
<!-- Generated by org.testng.reporters.JUnitReportReporter -->
<testsuite hostname="DESKTOP-6CROEQF" failures="0" tests="1" name="com.automation.selenium_automation.tests.e2eTestTestNG" time="13.764" errors="0" timestamp="2025-04-17T16:17:29 EDT" skipped="0">
  <testcase classname="com.automation.selenium_automation.tests.e2eTestTestNG" name="test" time="13.764"/>
</testsuite> <!-- com.automation.selenium_automation.tests.e2eTestTestNG -->
