<?xml version="1.0" encoding="UTF-8"?>
<!-- Generated by org.testng.reporters.JUnitReportReporter -->
<testsuite hostname="DESKTOP-6CROEQF" failures="0" tests="1" name="errorTests.LoginErrorTest" time="4.737" errors="0" timestamp="2025-04-16T14:23:50 EDT" skipped="0">
  <testcase classname="errorTests.LoginErrorTest" name="errorTest" time="4.737"/>
</testsuite> <!-- errorTests.LoginErrorTest -->
