<?xml version="1.0" encoding="UTF-8"?>
<!-- Generated by org.testng.reporters.JUnitReportReporter -->
<testsuite hostname="DESKTOP-6CROEQF" failures="0" tests="2" name="com.automation.selenium_automation.tests.e2eTestTestNG" time="47.130" errors="0" timestamp="2025-04-18T17:53:22 EDT" skipped="0">
  <testcase classname="com.automation.selenium_automation.tests.e2eTestTestNG" name="e2eTest" time="27.894"/>
  <testcase classname="com.automation.selenium_automation.tests.e2eTestTestNG" name="e2eTest" time="19.236"/>
</testsuite> <!-- com.automation.selenium_automation.tests.e2eTestTestNG -->
