<?xml version="1.0" encoding="UTF-8"?>
<!-- Generated by org.testng.reporters.JUnitReportReporter -->
<testsuite hostname="DESKTOP-6CROEQF" failures="0" tests="1" name="tests.e2eTestTestNG" time="10.094" errors="0" timestamp="2025-04-17T00:10:07 EDT" skipped="0">
  <testcase classname="tests.e2eTestTestNG" name="test" time="10.094"/>
</testsuite> <!-- tests.e2eTestTestNG -->
