<?xml version="1.0" encoding="UTF-8"?>
<!-- Generated by org.testng.reporters.JUnitReportReporter -->
<testsuite hostname="DESKTOP-6CROEQF" failures="0" tests="2" name="com.automation.selenium_automation.tests.ErrorValidations" time="12.001" errors="0" timestamp="2025-04-18T23:32:30 EDT" skipped="0">
  <testcase classname="com.automation.selenium_automation.tests.ErrorValidations" name="loginErrorValidation" time="4.588"/>
  <testcase classname="com.automation.selenium_automation.tests.ErrorValidations" name="orderErrorValidation" time="7.413"/>
</testsuite> <!-- com.automation.selenium_automation.tests.ErrorValidations -->
