<?xml version="1.0" encoding="UTF-8"?>
<!-- Generated by org.testng.reporters.JUnitReportReporter -->
<testsuite hostname="DESKTOP-6CROEQF" failures="0" tests="2" name="com.automation.selenium_automation.tests.E2eTestTestNG" time="34.100" errors="0" timestamp="2025-04-30T23:40:15 EDT" skipped="0">
  <testcase classname="com.automation.selenium_automation.tests.E2eTestTestNG" name="e2eTest" time="16.761"/>
  <testcase classname="com.automation.selenium_automation.tests.E2eTestTestNG" name="e2eTest" time="17.339"/>
</testsuite> <!-- com.automation.selenium_automation.tests.E2eTestTestNG -->
