<?xml version="1.0" encoding="UTF-8"?>
<!-- Generated by org.testng.reporters.JUnitReportReporter -->
<testsuite hostname="DESKTOP-6CROEQF" failures="0" tests="1" name="com.automation.selenium_automation.errorTests.LoginErrorTest" time="5.182" errors="0" timestamp="2025-04-18T18:32:14 EDT" skipped="0">
  <testcase classname="com.automation.selenium_automation.errorTests.LoginErrorTest" name="invalidAccountTest" time="5.182"/>
</testsuite> <!-- com.automation.selenium_automation.errorTests.LoginErrorTest -->
