<?xml version="1.0" encoding="UTF-8"?>
<!-- Generated by org.testng.reporters.JUnitReportReporter -->
<testsuite hostname="DESKTOP-6CROEQF" failures="0" tests="2" name="com.automation.selenium_automation.tests.E2eTestTestNG" time="27.633" errors="0" timestamp="2025-04-21T17:52:42 EDT" skipped="0">
  <testcase classname="com.automation.selenium_automation.tests.E2eTestTestNG" name="e2eTest" time="14.096"/>
  <testcase classname="com.automation.selenium_automation.tests.E2eTestTestNG" name="e2eTest" time="13.537"/>
</testsuite> <!-- com.automation.selenium_automation.tests.E2eTestTestNG -->
