<?xml version="1.0" encoding="UTF-8"?>
<!-- Generated by org.testng.reporters.JUnitReportReporter -->
<testsuite hostname="DESKTOP-6CROEQF" failures="0" tests="2" name="com.automation.selenium_automation.tests.E2eTestTestNG" time="32.806" errors="0" timestamp="2025-04-19T18:11:47 EDT" skipped="0">
  <testcase classname="com.automation.selenium_automation.tests.E2eTestTestNG" name="e2eTest" time="16.699"/>
  <testcase classname="com.automation.selenium_automation.tests.E2eTestTestNG" name="e2eTest" time="16.107"/>
</testsuite> <!-- com.automation.selenium_automation.tests.E2eTestTestNG -->
