<?xml version="1.0" encoding="UTF-8"?>
<!-- Generated by org.testng.reporters.JUnitReportReporter -->
<testsuite hostname="DESKTOP-6CROEQF" failures="0" tests="2" name="com.automation.selenium_automation.tests.E2eTestTestNG" time="27.929" errors="0" timestamp="2025-04-20T16:34:56 EDT" skipped="0">
  <testcase classname="com.automation.selenium_automation.tests.E2eTestTestNG" name="e2eTest" time="14.212"/>
  <testcase classname="com.automation.selenium_automation.tests.E2eTestTestNG" name="e2eTest" time="13.717"/>
</testsuite> <!-- com.automation.selenium_automation.tests.E2eTestTestNG -->
